<?xml version="1.0" encoding="UTF-8"?>
<testng-results skipped="0" failed="0" ignored="0" total="2" passed="2">
  <reporter-output>
  </reporter-output>
  <suite name="Suite" duration-ms="198965" started-at="2019-02-01T03:41:21Z" finished-at="2019-02-01T03:44:40Z">
    <groups>
      <group name="cucumber">
        <method signature="AbstractTestNGCucumberTests.feature(cucumber.api.testng.CucumberFeatureWrapper)[pri:0, instance:runner.RunCuke@6108b2d7]" name="feature" class="cucumber.api.testng.AbstractTestNGCucumberTests"/>
      </group> <!-- cucumber -->
    </groups>
    <test name="Test" duration-ms="198965" started-at="2019-02-01T03:41:21Z" finished-at="2019-02-01T03:44:40Z">
      <class name="runner.RunCuke">
        <test-method status="PASS" signature="setUpClass()[pri:0, instance:runner.RunCuke@6108b2d7]" name="setUpClass" is-config="true" duration-ms="422" started-at="2019-02-01T03:41:21Z" finished-at="2019-02-01T03:41:22Z">
          <reporter-output>
          </reporter-output>
        </test-method> <!-- setUpClass -->
        <test-method status="PASS" signature="setup()[pri:0, instance:runner.RunCuke@6108b2d7]" name="setup" is-config="true" duration-ms="205" started-at="2019-02-01T03:41:22Z" finished-at="2019-02-01T03:41:22Z">
          <reporter-output>
          </reporter-output>
        </test-method> <!-- setup -->
        <test-method status="PASS" signature="feature(cucumber.api.testng.CucumberFeatureWrapper)[pri:0, instance:runner.RunCuke@6108b2d7]" name="feature" duration-ms="101718" started-at="2019-02-01T03:41:22Z" description="Runs Cucumber Feature" data-provider="features" finished-at="2019-02-01T03:43:04Z">
          <params>
            <param index="0">
              <value>
                <![CDATA[Acceptance testin to validate search cars]]>
              </value>
            </param>
          </params>
          <reporter-output>
          </reporter-output>
        </test-method> <!-- feature -->
        <test-method status="PASS" signature="feature(cucumber.api.testng.CucumberFeatureWrapper)[pri:0, instance:runner.RunCuke@6108b2d7]" name="feature" duration-ms="95569" started-at="2019-02-01T03:43:04Z" description="Runs Cucumber Feature" data-provider="features" finished-at="2019-02-01T03:44:39Z">
          <params>
            <param index="0">
              <value>
                <![CDATA[Acceptance testin to validate used search cars]]>
              </value>
            </param>
          </params>
          <reporter-output>
          </reporter-output>
        </test-method> <!-- feature -->
        <test-method status="PASS" signature="tearDownClass()[pri:0, instance:runner.RunCuke@6108b2d7]" name="tearDownClass" is-config="true" duration-ms="905" started-at="2019-02-01T03:44:39Z" finished-at="2019-02-01T03:44:40Z">
          <reporter-output>
          </reporter-output>
        </test-method> <!-- tearDownClass -->
      </class> <!-- runner.RunCuke -->
    </test> <!-- Test -->
  </suite> <!-- Suite -->
</testng-results>
