<?xml version="1.0" encoding="UTF-8"?>
<testng-results skipped="0" failed="0" ignored="0" total="1" passed="1">
  <reporter-output>
  </reporter-output>
  <suite name="Default suite" duration-ms="86822" started-at="2019-01-31T04:11:14Z" finished-at="2019-01-31T04:12:41Z">
    <groups>
      <group name="cucumber">
        <method signature="AbstractTestNGCucumberTests.feature(cucumber.api.testng.CucumberFeatureWrapper)[pri:0, instance:runner.RunCuke@5700d6b1]" name="feature" class="cucumber.api.testng.AbstractTestNGCucumberTests"/>
      </group> <!-- cucumber -->
    </groups>
    <test name="Default test" duration-ms="86822" started-at="2019-01-31T04:11:14Z" finished-at="2019-01-31T04:12:41Z">
      <class name="runner.RunCuke">
        <test-method status="PASS" signature="setUpClass()[pri:0, instance:runner.RunCuke@5700d6b1]" name="setUpClass" is-config="true" duration-ms="942" started-at="2019-01-31T04:11:14Z" finished-at="2019-01-31T04:11:15Z">
          <reporter-output>
          </reporter-output>
        </test-method> <!-- setUpClass -->
        <test-method status="PASS" signature="setup()[pri:0, instance:runner.RunCuke@5700d6b1]" name="setup" is-config="true" duration-ms="397" started-at="2019-01-31T04:11:15Z" finished-at="2019-01-31T04:11:16Z">
          <reporter-output>
          </reporter-output>
        </test-method> <!-- setup -->
        <test-method status="PASS" signature="feature(cucumber.api.testng.CucumberFeatureWrapper)[pri:0, instance:runner.RunCuke@5700d6b1]" name="feature" duration-ms="84305" started-at="2019-01-31T04:11:16Z" description="Runs Cucumber Feature" data-provider="features" finished-at="2019-01-31T04:12:40Z">
          <params>
            <param index="0">
              <value>
                <![CDATA[Acceptance testin to validate search cars]]>
              </value>
            </param>
          </params>
          <reporter-output>
          </reporter-output>
        </test-method> <!-- feature -->
        <test-method status="PASS" signature="tearDownClass()[pri:0, instance:runner.RunCuke@5700d6b1]" name="tearDownClass" is-config="true" duration-ms="851" started-at="2019-01-31T04:12:40Z" finished-at="2019-01-31T04:12:41Z">
          <reporter-output>
          </reporter-output>
        </test-method> <!-- tearDownClass -->
      </class> <!-- runner.RunCuke -->
    </test> <!-- Default test -->
  </suite> <!-- Default suite -->
</testng-results>
